info it worked if it ends with ok
verbose cli [ 'node', '/usr/local/bin/npm', 'info', 'cometd' ]
info using npm@1.0.106
info using node@v0.6.6
verbose config file /Users/roberto/.npmrc
verbose config file /usr/local/etc/npmrc
verbose config file /usr/local/lib/node_modules/npm/npmrc
verbose GET cometd
verbose raw, before any munging cometd
verbose url resolving [ 'https://registry.npmjs.org/', './cometd' ]
verbose url resolved https://registry.npmjs.org/cometd
silly get cb [ 404,
silly get cb   { server: 'CouchDB/1.2.0 (Erlang OTP/R15B)',
silly get cb     date: 'Fri, 06 Apr 2012 17:49:46 GMT',
silly get cb     'content-type': 'application/json',
silly get cb     'content-length': '52',
silly get cb     'cache-control': 'must-revalidate' } ]
ERR! 404 'cometd' is not in the npm registry.
ERR! 404 You could maybe bug the author to publish it
ERR! 404 Note that you can also install from a tarball or folder.
ERR! 
ERR! System Darwin 11.2.0
ERR! command "node" "/usr/local/bin/npm" "info" "cometd"
ERR! cwd /Users/roberto/Dropbox/Proyectos/rodco/js/recibos/v2
ERR! node -v v0.6.6
ERR! npm -v 1.0.106
ERR! code E404
verbose exit [ 1, true ]
